-------------------------------------------------------------------------------
      name:  <unnamed>
       log:  C:\Users\lm42\Desktop\project\project_code.log
  log type:  text
 opened on:   3 Mar 2019, 14:22:55

. use "full_data.dta"

. 
. regress approve_estimate shutdown

      Source |       SS           df       MS      Number of obs   =        77
-------------+----------------------------------   F(1, 75)        =     12.43
       Model |  12.5794876         1  12.5794876   Prob > F        =    0.0007
    Residual |  75.9179612        75  1.01223948   R-squared       =    0.1421
-------------+----------------------------------   Adj R-squared   =    0.1307
       Total |  88.4974488        76  1.16444012   Root MSE        =    1.0061

------------------------------------------------------------------------------
approve_es~e |      Coef.   Std. Err.      t    P>|t|     [95% Conf. Interval]
-------------+----------------------------------------------------------------
    shutdown |  -.8947138   .2538016    -3.53   0.001    -1.400313   -.3891152
       _cons |   41.73254   .1356626   307.62   0.000     41.46229     42.0028
------------------------------------------------------------------------------

. 
end of do-file

. exit, clear
